Performing C SOURCE FILE Test CMAKE_HAVE_LIBC_PTHREAD failed with the following output:
Change Dir: /home/juancruz2/PincherArm_catkin_ws/build/CMakeFiles/CMakeTmp

Run Build Command(s):/usr/bin/make cmTC_5e3ee/fast && /usr/bin/make -f CMakeFiles/cmTC_5e3ee.dir/build.make CMakeFiles/cmTC_5e3ee.dir/build
make[1]: Entering directory '/home/juancruz2/PincherArm_catkin_ws/build/CMakeFiles/CMakeTmp'
Building C object CMakeFiles/cmTC_5e3ee.dir/src.c.o
/usr/bin/cc   -DCMAKE_HAVE_LIBC_PTHREAD   -o CMakeFiles/cmTC_5e3ee.dir/src.c.o   -c /home/juancruz2/PincherArm_catkin_ws/build/CMakeFiles/CMakeTmp/src.c
Linking C executable cmTC_5e3ee
/usr/bin/cmake -E cmake_link_script CMakeFiles/cmTC_5e3ee.dir/link.txt --verbose=1
/usr/bin/cc  -DCMAKE_HAVE_LIBC_PTHREAD    -rdynamic CMakeFiles/cmTC_5e3ee.dir/src.c.o  -o cmTC_5e3ee 
/usr/bin/ld: CMakeFiles/cmTC_5e3ee.dir/src.c.o: in function `main':
src.c:(.text+0x46): undefined reference to `pthread_create'
/usr/bin/ld: src.c:(.text+0x52): undefined reference to `pthread_detach'
/usr/bin/ld: src.c:(.text+0x63): undefined reference to `pthread_join'
collect2: error: ld returned 1 exit status
make[1]: *** [CMakeFiles/cmTC_5e3ee.dir/build.make:87: cmTC_5e3ee] Error 1
make[1]: Leaving directory '/home/juancruz2/PincherArm_catkin_ws/build/CMakeFiles/CMakeTmp'
make: *** [Makefile:121: cmTC_5e3ee/fast] Error 2


Source file was:
#include <pthread.h>

void* test_func(void* data)
{
  return data;
}

int main(void)
{
  pthread_t thread;
  pthread_create(&thread, NULL, test_func, NULL);
  pthread_detach(thread);
  pthread_join(thread, NULL);
  pthread_atfork(NULL, NULL, NULL);
  pthread_exit(NULL);

  return 0;
}

Determining if the function pthread_create exists in the pthreads failed with the following output:
Change Dir: /home/juancruz2/PincherArm_catkin_ws/build/CMakeFiles/CMakeTmp

Run Build Command(s):/usr/bin/make cmTC_669a0/fast && /usr/bin/make -f CMakeFiles/cmTC_669a0.dir/build.make CMakeFiles/cmTC_669a0.dir/build
make[1]: Entering directory '/home/juancruz2/PincherArm_catkin_ws/build/CMakeFiles/CMakeTmp'
Building C object CMakeFiles/cmTC_669a0.dir/CheckFunctionExists.c.o
/usr/bin/cc   -DCHECK_FUNCTION_EXISTS=pthread_create   -o CMakeFiles/cmTC_669a0.dir/CheckFunctionExists.c.o   -c /usr/share/cmake-3.16/Modules/CheckFunctionExists.c
Linking C executable cmTC_669a0
/usr/bin/cmake -E cmake_link_script CMakeFiles/cmTC_669a0.dir/link.txt --verbose=1
/usr/bin/cc  -DCHECK_FUNCTION_EXISTS=pthread_create    -rdynamic CMakeFiles/cmTC_669a0.dir/CheckFunctionExists.c.o  -o cmTC_669a0  -lpthreads 
/usr/bin/ld: cannot find -lpthreads
collect2: error: ld returned 1 exit status
make[1]: *** [CMakeFiles/cmTC_669a0.dir/build.make:87: cmTC_669a0] Error 1
make[1]: Leaving directory '/home/juancruz2/PincherArm_catkin_ws/build/CMakeFiles/CMakeTmp'
make: *** [Makefile:121: cmTC_669a0/fast] Error 2



Determining if the function sgemm_ exists failed with the following output:
Change Dir: /home/juancruz2/PincherArm_catkin_ws/build/CMakeFiles/CMakeTmp

Run Build Command(s):/usr/bin/make cmTC_ff1a7/fast && make[1]: Entering directory '/home/juancruz2/PincherArm_catkin_ws/build/CMakeFiles/CMakeTmp'
/usr/bin/make -f CMakeFiles/cmTC_ff1a7.dir/build.make CMakeFiles/cmTC_ff1a7.dir/build
make[2]: Entering directory '/home/juancruz2/PincherArm_catkin_ws/build/CMakeFiles/CMakeTmp'
Building C object CMakeFiles/cmTC_ff1a7.dir/CheckFunctionExists.c.o
/usr/bin/cc   -DCHECK_FUNCTION_EXISTS=sgemm_   -o CMakeFiles/cmTC_ff1a7.dir/CheckFunctionExists.c.o   -c /usr/share/cmake-3.16/Modules/CheckFunctionExists.c
Linking C executable cmTC_ff1a7
/usr/bin/cmake -E cmake_link_script CMakeFiles/cmTC_ff1a7.dir/link.txt --verbose=1
/usr/bin/cc  -DCHECK_FUNCTION_EXISTS=sgemm_    -rdynamic CMakeFiles/cmTC_ff1a7.dir/CheckFunctionExists.c.o  -o cmTC_ff1a7 
/usr/bin/ld: CMakeFiles/cmTC_ff1a7.dir/CheckFunctionExists.c.o: in function `main':
CheckFunctionExists.c:(.text+0x14): undefined reference to `sgemm_'
collect2: error: ld returned 1 exit status
make[2]: *** [CMakeFiles/cmTC_ff1a7.dir/build.make:87: cmTC_ff1a7] Error 1
make[2]: Leaving directory '/home/juancruz2/PincherArm_catkin_ws/build/CMakeFiles/CMakeTmp'
make[1]: *** [Makefile:121: cmTC_ff1a7/fast] Error 2
make[1]: Leaving directory '/home/juancruz2/PincherArm_catkin_ws/build/CMakeFiles/CMakeTmp'



Determining if the function cheev_ exists failed with the following output:
Change Dir: /home/juancruz2/PincherArm_catkin_ws/build/CMakeFiles/CMakeTmp

Run Build Command(s):/usr/bin/make cmTC_f5396/fast && make[1]: Entering directory '/home/juancruz2/PincherArm_catkin_ws/build/CMakeFiles/CMakeTmp'
/usr/bin/make -f CMakeFiles/cmTC_f5396.dir/build.make CMakeFiles/cmTC_f5396.dir/build
make[2]: Entering directory '/home/juancruz2/PincherArm_catkin_ws/build/CMakeFiles/CMakeTmp'
Building C object CMakeFiles/cmTC_f5396.dir/CheckFunctionExists.c.o
/usr/bin/cc   -DCHECK_FUNCTION_EXISTS=cheev_   -o CMakeFiles/cmTC_f5396.dir/CheckFunctionExists.c.o   -c /usr/share/cmake-3.16/Modules/CheckFunctionExists.c
Linking C executable cmTC_f5396
/usr/bin/cmake -E cmake_link_script CMakeFiles/cmTC_f5396.dir/link.txt --verbose=1
/usr/bin/cc  -DCHECK_FUNCTION_EXISTS=cheev_    -rdynamic CMakeFiles/cmTC_f5396.dir/CheckFunctionExists.c.o  -o cmTC_f5396  /usr/lib/x86_64-linux-gnu/libblas.so 
/usr/bin/ld: CMakeFiles/cmTC_f5396.dir/CheckFunctionExists.c.o: in function `main':
CheckFunctionExists.c:(.text+0x14): undefined reference to `cheev_'
collect2: error: ld returned 1 exit status
make[2]: *** [CMakeFiles/cmTC_f5396.dir/build.make:88: cmTC_f5396] Error 1
make[2]: Leaving directory '/home/juancruz2/PincherArm_catkin_ws/build/CMakeFiles/CMakeTmp'
make[1]: *** [Makefile:121: cmTC_f5396/fast] Error 2
make[1]: Leaving directory '/home/juancruz2/PincherArm_catkin_ws/build/CMakeFiles/CMakeTmp'



